<?xml version="1.0" encoding="UTF-8"?>
<!-- Generated by org.testng.reporters.JUnitReportReporter -->
<testsuite hostname="JOSIFOVSKI-N" failures="0" tests="3" name="exercises.TestNG" time="0.003" errors="0" timestamp="28 Nov 2022 18:36:51 GMT">
  <testcase classname="exercises.TestNG" name="test003" time="0.000"/>
  <testcase classname="exercises.TestNG" name="test001" time="0.002"/>
  <testcase classname="exercises.TestNG" name="test002" time="0.001"/>
</testsuite> <!-- exercises.TestNG -->
