<?xml version="1.0" encoding="UTF-8"?>
<!-- Generated by org.testng.reporters.JUnitReportReporter -->
<testsuite hostname="JOSIFOVSKI-N" failures="0" tests="1" name="lesson3.SearchTest" time="3.460" errors="0" timestamp="23 Nov 2022 20:25:50 GMT">
  <testcase classname="lesson3.SearchTest" name="validateSearchResults" time="3.460"/>
</testsuite> <!-- lesson3.SearchTest -->
