<?xml version="1.0" encoding="UTF-8"?>
<!-- Generated by org.testng.reporters.JUnitReportReporter -->
<testsuite hostname="JOSIFOVSKI-N" failures="0" tests="1" name="lesson5.Frames" time="1.628" errors="0" timestamp="30 Nov 2022 20:52:19 GMT">
  <testcase classname="lesson5.Frames" name="testFrame" time="1.628"/>
</testsuite> <!-- lesson5.Frames -->
