<?xml version="1.0" encoding="UTF-8"?>
<!-- Generated by org.testng.reporters.JUnitReportReporter -->
<testsuite hostname="JOSIFOVSKI-N" failures="0" tests="1" name="testCases.RegisterPageTest" time="5.091" errors="0" timestamp="24 Nov 2022 16:24:21 GMT">
  <testcase classname="testCases.RegisterPageTest" name="registerNewUserWithValidEmail_002" time="5.091"/>
</testsuite> <!-- testCases.RegisterPageTest -->
