<?xml version="1.0" encoding="UTF-8"?>
<!-- Generated by org.testng.reporters.JUnitReportReporter -->
<testsuite hostname="JOSIFOVSKI-N" failures="0" tests="1" name="lesson5.Alerts" time="5.406" errors="0" timestamp="30 Nov 2022 19:21:31 GMT">
  <testcase classname="lesson5.Alerts" name="testPrompt" time="5.406"/>
</testsuite> <!-- lesson5.Alerts -->
