<?xml version="1.0" encoding="UTF-8"?>
<!-- Generated by org.testng.reporters.JUnitReportReporter -->
<testsuite hostname="JOSIFOVSKI-N" failures="0" tests="1" name="lesson5.Vezba1" time="21.849" errors="0" timestamp="1 Dec 2022 07:57:35 GMT">
  <testcase classname="lesson5.Vezba1" name="test1" time="21.849"/>
</testsuite> <!-- lesson5.Vezba1 -->
