<?xml version="1.0" encoding="UTF-8"?>
<!-- Generated by org.testng.reporters.JUnitReportReporter -->
<testsuite hostname="JOSIFOVSKI-N" failures="0" tests="1" name="lesson3.RandomEmailString" time="0.011" errors="0" timestamp="23 Nov 2022 21:06:51 GMT">
  <testcase classname="lesson3.RandomEmailString" name="testEmail" time="0.011"/>
</testsuite> <!-- lesson3.RandomEmailString -->
