<?xml version="1.0" encoding="UTF-8"?>
<!-- Generated by org.testng.reporters.JUnitReportReporter -->
<testsuite hostname="JOSIFOVSKI-N" failures="0" tests="1" name="lesson5.Tabs" time="1.605" errors="0" timestamp="30 Nov 2022 21:00:18 GMT">
  <testcase classname="lesson5.Tabs" name="newTab" time="1.605"/>
</testsuite> <!-- lesson5.Tabs -->
