<?xml version="1.0" encoding="UTF-8"?>
<!-- Generated by org.testng.reporters.JUnitReportReporter -->
<testsuite hostname="JOSIFOVSKI-N" failures="0" tests="1" name="exercises.RadioButton" time="24.694" errors="0" timestamp="28 Nov 2022 18:36:51 GMT">
  <testcase classname="exercises.RadioButton" name="testRadioButtons" time="24.694"/>
</testsuite> <!-- exercises.RadioButton -->
