<?xml version="1.0" encoding="UTF-8"?>
<!-- Generated by org.testng.reporters.JUnitReportReporter -->
<testsuite hostname="JOSIFOVSKI-N" failures="0" tests="1" name="lesson6.Xpath" time="3.078" errors="0" timestamp="5 Dec 2022 09:44:01 GMT">
  <testcase classname="lesson6.Xpath" name="testXpath" time="3.078"/>
</testsuite> <!-- lesson6.Xpath -->
