<?xml version="1.0" encoding="UTF-8"?>
<!-- Generated by org.testng.reporters.JUnitReportReporter -->
<testsuite hostname="JOSIFOVSKI-N" failures="0" tests="1" name="lesson6.GetValues" time="3.066" errors="0" timestamp="6 Dec 2022 23:46:00 GMT">
  <testcase classname="lesson6.GetValues" name="testGetValueAttribute" time="3.066"/>
</testsuite> <!-- lesson6.GetValues -->
