<?xml version="1.0" encoding="UTF-8"?>
<!-- Generated by org.testng.reporters.JUnitReportReporter -->
<testsuite hostname="JOSIFOVSKI-N" failures="0" tests="1" name="lesson3.CheckboxesRadioDropDown" time="5.443" errors="0" timestamp="24 Nov 2022 12:36:47 GMT">
  <testcase classname="lesson3.CheckboxesRadioDropDown" name="selectFromList" time="5.443"/>
</testsuite> <!-- lesson3.CheckboxesRadioDropDown -->
