<?xml version="1.0" encoding="UTF-8"?>
<!-- Generated by org.testng.reporters.JUnitReportReporter -->
<testsuite hostname="JOSIFOVSKI-N" failures="0" tests="1" name="lesson5.Waits2" time="8.189" errors="0" timestamp="3 Dec 2022 10:06:49 GMT">
  <testcase classname="lesson5.Waits2" name="test1" time="8.189"/>
</testsuite> <!-- lesson5.Waits2 -->
