<?xml version="1.0" encoding="UTF-8"?>
<!-- Generated by org.testng.reporters.JUnitReportReporter -->
<testsuite hostname="JOSIFOVSKI-N" failures="0" tests="1" name="lesson3.MouseOver" time="6.750" errors="0" timestamp="26 Nov 2022 21:22:31 GMT">
  <testcase classname="lesson3.MouseOver" name="testMouseOver" time="6.750"/>
</testsuite> <!-- lesson3.MouseOver -->
