<?xml version="1.0" encoding="UTF-8"?>
<!-- Generated by org.testng.reporters.JUnitReportReporter -->
<testsuite hostname="JOSIFOVSKI-N" failures="0" tests="3" name="lesson3.testNG" time="0.004" errors="0" timestamp="23 Nov 2022 16:10:41 GMT">
  <testcase classname="lesson3.testNG" name="test2" time="0.000"/>
  <testcase classname="lesson3.testNG" name="test1" time="0.004"/>
  <testcase classname="lesson3.testNG" name="test3" time="0.000"/>
</testsuite> <!-- lesson3.testNG -->
