<?xml version="1.0" encoding="UTF-8"?>
<!-- Generated by org.testng.reporters.JUnitReportReporter -->
<testsuite hostname="JOSIFOVSKI-N" failures="0" tests="1" name="excercises2.Waits" time="10.075" errors="0" timestamp="21 Nov 2022 23:18:08 GMT">
  <testcase classname="excercises2.Waits" name="loadingImages" time="10.075"/>
</testsuite> <!-- excercises2.Waits -->
