<?xml version="1.0" encoding="UTF-8"?>
<!-- Generated by org.testng.reporters.JUnitReportReporter -->
<testsuite hostname="JOSIFOVSKI-N" failures="0" tests="1" name="testCases.SearchTest" time="3.657" errors="0" timestamp="24 Nov 2022 16:22:38 GMT">
  <testcase classname="testCases.SearchTest" name="searchForNonExistingProduct_002" time="3.657"/>
</testsuite> <!-- testCases.SearchTest -->
