<?xml version="1.0" encoding="UTF-8"?>
<!-- Generated by org.testng.reporters.JUnitReportReporter -->
<testsuite hostname="JOSIFOVSKI-N" failures="0" tests="1" name="lesson2.Login" time="2.501" errors="0" timestamp="21 Nov 2022 20:46:39 GMT">
  <testcase classname="lesson2.Login" name="setupDriverManagerTest" time="2.501"/>
</testsuite> <!-- lesson2.Login -->
