<?xml version="1.0" encoding="UTF-8"?>
<!-- Generated by org.testng.reporters.JUnitReportReporter -->
<testsuite hostname="JOSIFOVSKI-N" failures="0" tests="1" name="lesson6.testIf" time="0.011" errors="0" timestamp="5 Dec 2022 11:32:32 GMT">
  <testcase classname="lesson6.testIf" name="test1" time="0.011"/>
</testsuite> <!-- lesson6.testIf -->
