<?xml version="1.0" encoding="UTF-8"?>
<!-- Generated by org.testng.reporters.JUnitReportReporter -->
<testsuite hostname="JOSIFOVSKI-N" failures="0" tests="3" name="exercises.DriverManager" time="69.965" errors="0" timestamp="28 Nov 2022 18:36:51 GMT">
  <testcase classname="exercises.DriverManager" name="testOnFF" time="28.356"/>
  <testcase classname="exercises.DriverManager" name="testOne" time="18.551"/>
  <testcase classname="exercises.DriverManager" name="testOnEdge" time="23.058"/>
</testsuite> <!-- exercises.DriverManager -->
