<?xml version="1.0" encoding="UTF-8"?>
<!-- Generated by org.testng.reporters.JUnitReportReporter -->
<testsuite hostname="JOSIFOVSKI-N" failures="0" tests="1" name="lesson3.ImplicitWait" time="6.986" errors="0" timestamp="23 Nov 2022 22:49:15 GMT">
  <testcase classname="lesson3.ImplicitWait" name="implicit" time="6.986"/>
</testsuite> <!-- lesson3.ImplicitWait -->
