<?xml version="1.0" encoding="UTF-8"?>
<!-- Generated by org.testng.reporters.JUnitReportReporter -->
<testsuite hostname="JOSIFOVSKI-N" failures="0" tests="1" name="testCases.PdpTestCases" time="4.091" errors="0" timestamp="1 Dec 2022 12:57:45 GMT">
  <testcase classname="testCases.PdpTestCases" name="testSku" time="4.091"/>
</testsuite> <!-- testCases.PdpTestCases -->
