<?xml version="1.0" encoding="UTF-8"?>
<!-- Generated by org.testng.reporters.JUnitReportReporter -->
<testsuite hostname="JOSIFOVSKI-N" failures="0" tests="3" name="exercises.TestNG" time="0.002" errors="0" timestamp="10 Dec 2022 11:47:10 GMT">
  <testcase classname="exercises.TestNG" name="test001" time="0.000"/>
  <testcase classname="exercises.TestNG" name="test003" time="0.001"/>
  <testcase classname="exercises.TestNG" name="test002" time="0.001"/>
</testsuite> <!-- exercises.TestNG -->
