<?xml version="1.0" encoding="UTF-8"?>
<!-- Generated by org.testng.reporters.JUnitReportReporter -->
<testsuite hostname="JOSIFOVSKI-N" failures="0" tests="1" name="lesson3.SearchTest" time="3.268" errors="0" timestamp="10 Dec 2022 11:47:10 GMT">
  <testcase classname="lesson3.SearchTest" name="validateSearchResults" time="3.268"/>
</testsuite> <!-- lesson3.SearchTest -->
