<?xml version="1.0" encoding="UTF-8"?>
<!-- Generated by org.testng.reporters.JUnitReportReporter -->
<testsuite hostname="JOSIFOVSKI-N" failures="0" tests="3" name="testCases.SearchTest" time="7.350" errors="0" timestamp="10 Dec 2022 11:47:10 GMT">
  <testcase classname="testCases.SearchTest" name="searchForExistingProduct_001" time="2.627"/>
  <testcase classname="testCases.SearchTest" name="searchForNonExistingProduct_002" time="2.595"/>
  <testcase classname="testCases.SearchTest" name="searchForItemWithTwoCharacters004" time="2.128"/>
</testsuite> <!-- testCases.SearchTest -->
