<?xml version="1.0" encoding="UTF-8"?>
<!-- Generated by org.testng.reporters.JUnitReportReporter -->
<testsuite hostname="JOSIFOVSKI-N" failures="0" tests="2" name="testCases.RegisterPageTest" time="6.002" errors="0" timestamp="10 Dec 2022 11:47:10 GMT">
  <testcase classname="testCases.RegisterPageTest" name="registerNewUserWithValidEmail_002" time="3.161"/>
  <testcase classname="testCases.RegisterPageTest" name="registerNewUserWithInvalidEmail_003" time="2.841"/>
</testsuite> <!-- testCases.RegisterPageTest -->
